docker rm -f spark_segreto_; true
spark_segreto_
docker rm spark_segreto_; true
docker run --name spark_segreto_ spark_segreto	2
Starting Experiment [2]
30 10 31 20 36 30
Proxy Started on port [9999]
Socket connected to /127.0.0.1:57802
Wait before starting 30 Seconds
-------------------------------------------
Time: 1482938664298 ms
-------------------------------------------

-------------------------------------------
Time: 1482938665298 ms
-------------------------------------------

-------------------------------------------
Time: 1482938666298 ms
-------------------------------------------

-------------------------------------------
Time: 1482938667298 ms
-------------------------------------------

-------------------------------------------
Time: 1482938668298 ms
-------------------------------------------

-------------------------------------------
Time: 1482938669298 ms
-------------------------------------------

-------------------------------------------
Time: 1482938670298 ms
-------------------------------------------

-------------------------------------------
Time: 1482938671298 ms
-------------------------------------------

-------------------------------------------
Time: 1482938672298 ms
-------------------------------------------

-------------------------------------------
Time: 1482938673298 ms
-------------------------------------------

-------------------------------------------
Time: 1482938674298 ms
-------------------------------------------

-------------------------------------------
Time: 1482938675298 ms
-------------------------------------------

-------------------------------------------
Time: 1482938676298 ms
-------------------------------------------

-------------------------------------------
Time: 1482938677298 ms
-------------------------------------------

-------------------------------------------
Time: 1482938678298 ms
-------------------------------------------

-------------------------------------------
Time: 1482938679298 ms
-------------------------------------------

-------------------------------------------
Time: 1482938680298 ms
-------------------------------------------

-------------------------------------------
Time: 1482938681298 ms
-------------------------------------------

-------------------------------------------
Time: 1482938682298 ms
-------------------------------------------

-------------------------------------------
Time: 1482938683298 ms
-------------------------------------------

-------------------------------------------
Time: 1482938684298 ms
-------------------------------------------

-------------------------------------------
Time: 1482938685298 ms
-------------------------------------------

-------------------------------------------
Time: 1482938686298 ms
-------------------------------------------

-------------------------------------------
Time: 1482938687298 ms
-------------------------------------------

-------------------------------------------
Time: 1482938688298 ms
-------------------------------------------

-------------------------------------------
Time: 1482938689298 ms
-------------------------------------------

-------------------------------------------
Time: 1482938690298 ms
-------------------------------------------

-------------------------------------------
Time: 1482938691298 ms
-------------------------------------------

-------------------------------------------
Time: 1482938692298 ms
-------------------------------------------

-------------------------------------------
Time: 1482938693298 ms
-------------------------------------------

Sent [30 10] at [1482938694103]
Wait before starting 1 Seconds
Sent [31 20] at [1482938695104]
Wait before starting 5 Seconds
-------------------------------------------
Time: 1482938694298 ms
-------------------------------------------
(1482938694103  30  10)

2016-12-28 15:24:57,728 [Spark Context Cleaner] ERROR org.apache.spark.scheduler.LiveListenerBus - Dropping SparkListenerEvent because no remaining room in event queue. This likely means one of the SparkListeners is too slow and cannot keep up with the rate at which tasks are being started by the scheduler.
-------------------------------------------
Time: 1482938695298 ms
-------------------------------------------
(1482938694103  30  10)
(1482938695104  31  20)

-------------------------------------------
Time: 1482938696298 ms
-------------------------------------------
(1482938694103  30  10)
(1482938695104  31  20)

Sent [36 30] at [1482938700106]
2016-12-28 15:25:00,127 [dispatcher-event-loop-1] ERROR org.apache.spark.streaming.scheduler.ReceiverTracker - Deregistered receiver for stream 0: Restarting receiver with delay 2000ms: Socket data stream had no more data
-------------------------------------------
Time: 1482938697298 ms
-------------------------------------------
(1482938694103  30  10)
(1482938695104  31  20)

-------------------------------------------
Time: 1482938698298 ms
-------------------------------------------
(1482938694103  30  10)
(1482938695104  31  20)

-------------------------------------------
Time: 1482938699298 ms
-------------------------------------------
(1482938695104  31  20)

-------------------------------------------
Time: 1482938700298 ms
-------------------------------------------
(1482938700106  36  30)

-------------------------------------------
Time: 1482938701298 ms
-------------------------------------------
(1482938700106  36  30)

-------------------------------------------
Time: 1482938702298 ms
-------------------------------------------
(1482938700106  36  30)

-------------------------------------------
Time: 1482938703298 ms
-------------------------------------------
(1482938700106  36  30)

-------------------------------------------
Time: 1482938704298 ms
-------------------------------------------
(1482938700106  36  30)

-------------------------------------------
Time: 1482938705298 ms
-------------------------------------------

-------------------------------------------
Time: 1482938706298 ms
-------------------------------------------

2016-12-28 15:25:07,105 [SparkListenerBus] ERROR org.apache.spark.streaming.scheduler.StreamingListenerBus - Listener StreamingJobProgressListener threw an exception
java.util.NoSuchElementException: key not found: 1482938698298 ms
	at scala.collection.MapLike$class.default(MapLike.scala:228)
	at scala.collection.AbstractMap.default(Map.scala:59)
	at scala.collection.mutable.HashMap.apply(HashMap.scala:65)
	at org.apache.spark.streaming.ui.StreamingJobProgressListener.onOutputOperationCompleted(StreamingJobProgressListener.scala:128)
	at org.apache.spark.streaming.scheduler.StreamingListenerBus.doPostEvent(StreamingListenerBus.scala:67)
	at org.apache.spark.streaming.scheduler.StreamingListenerBus.doPostEvent(StreamingListenerBus.scala:29)
	at org.apache.spark.util.ListenerBus$class.postToAll(ListenerBus.scala:63)
	at org.apache.spark.streaming.scheduler.StreamingListenerBus.postToAll(StreamingListenerBus.scala:29)
	at org.apache.spark.streaming.scheduler.StreamingListenerBus.onOtherEvent(StreamingListenerBus.scala:43)
	at org.apache.spark.scheduler.SparkListenerBus$class.doPostEvent(SparkListenerBus.scala:67)
	at org.apache.spark.scheduler.LiveListenerBus.doPostEvent(LiveListenerBus.scala:36)
	at org.apache.spark.scheduler.LiveListenerBus.doPostEvent(LiveListenerBus.scala:36)
	at org.apache.spark.util.ListenerBus$class.postToAll(ListenerBus.scala:63)
	at org.apache.spark.scheduler.LiveListenerBus.postToAll(LiveListenerBus.scala:36)
	at org.apache.spark.scheduler.LiveListenerBus$$anon$1$$anonfun$run$1$$anonfun$apply$mcV$sp$1.apply$mcV$sp(LiveListenerBus.scala:94)
	at org.apache.spark.scheduler.LiveListenerBus$$anon$1$$anonfun$run$1$$anonfun$apply$mcV$sp$1.apply(LiveListenerBus.scala:79)
	at org.apache.spark.scheduler.LiveListenerBus$$anon$1$$anonfun$run$1$$anonfun$apply$mcV$sp$1.apply(LiveListenerBus.scala:79)
	at scala.util.DynamicVariable.withValue(DynamicVariable.scala:58)
	at org.apache.spark.scheduler.LiveListenerBus$$anon$1$$anonfun$run$1.apply$mcV$sp(LiveListenerBus.scala:78)
	at org.apache.spark.util.Utils$.tryOrStopSparkContext(Utils.scala:1252)
	at org.apache.spark.scheduler.LiveListenerBus$$anon$1.run(LiveListenerBus.scala:77)
-------------------------------------------
Time: 1482938707298 ms
-------------------------------------------

-------------------------------------------
Time: 1482938708298 ms
-------------------------------------------

-------------------------------------------
Time: 1482938709298 ms
-------------------------------------------

-------------------------------------------
Time: 1482938710298 ms
-------------------------------------------

-------------------------------------------
Time: 1482938711298 ms
-------------------------------------------

-------------------------------------------
Time: 1482938712298 ms
-------------------------------------------

-------------------------------------------
Time: 1482938713298 ms
-------------------------------------------

-------------------------------------------
Time: 1482938714298 ms
-------------------------------------------

-------------------------------------------
Time: 1482938715298 ms
-------------------------------------------

-------------------------------------------
Time: 1482938716298 ms
-------------------------------------------

-------------------------------------------
Time: 1482938717298 ms
-------------------------------------------

-------------------------------------------
Time: 1482938718298 ms
-------------------------------------------

-------------------------------------------
Time: 1482938719298 ms
-------------------------------------------

-------------------------------------------
Time: 1482938720298 ms
-------------------------------------------

2016-12-28 15:25:21,036 [dispatcher-event-loop-0] ERROR org.apache.spark.streaming.scheduler.ReceiverTracker - Deregistered receiver for stream 0: Stopped by driver
-------------------------------------------
Time: 1482938721298 ms
-------------------------------------------

