docker rm -f spark_segreto_; true
spark_segreto_
docker rm spark_segreto_; true
docker run --name spark_segreto_ spark_segreto	4
Starting Experiment [4]
3 10 5 20 5 30 5 40 5 50 7 60
Proxy Started on port [9999]
Socket connected to /127.0.0.1:57808
Wait before starting 3 Seconds
-------------------------------------------
Time: 1482938735154 ms
-------------------------------------------

-------------------------------------------
Time: 1482938736154 ms
-------------------------------------------

-------------------------------------------
Time: 1482938737154 ms
-------------------------------------------

Sent [3 10] at [1482938738039]
Wait before starting 2 Seconds
-------------------------------------------
Time: 1482938738154 ms
-------------------------------------------

Sent [5 20] at [1482938740039]
Wait before starting 0 Seconds
Sent [5 30] at [1482938740040]
Wait before starting 0 Seconds
Sent [5 40] at [1482938740041]
Wait before starting 0 Seconds
Sent [5 50] at [1482938740041]
Wait before starting 2 Seconds
-------------------------------------------
Time: 1482938739154 ms
-------------------------------------------
(1482938738039  3  10)

-------------------------------------------
Time: 1482938740154 ms
-------------------------------------------
(1482938738039  3  10)

Sent [7 60] at [1482938742042]
2016-12-28 15:25:42,108 [dispatcher-event-loop-1] ERROR org.apache.spark.streaming.scheduler.ReceiverTracker - Deregistered receiver for stream 0: Restarting receiver with delay 2000ms: Socket data stream had no more data
-------------------------------------------
Time: 1482938741154 ms
-------------------------------------------
(1482938738039  3  10)
(1482938740039  5  20)
(1482938740040  5  30)
(1482938740041  5  40)
(1482938740041  5  50)

-------------------------------------------
Time: 1482938742154 ms
-------------------------------------------
(1482938738039  3  10)
(1482938740039  5  20)
(1482938740040  5  30)
(1482938740041  5  40)
(1482938740041  5  50)

-------------------------------------------
Time: 1482938743154 ms
-------------------------------------------
(1482938740039  5  20)
(1482938740040  5  30)
(1482938740041  5  40)
(1482938740041  5  50)
(1482938742042  7  60)

-------------------------------------------
Time: 1482938744154 ms
-------------------------------------------
(1482938740039  5  20)
(1482938740040  5  30)
(1482938740041  5  40)
(1482938740041  5  50)
(1482938742042  7  60)

-------------------------------------------
Time: 1482938745154 ms
-------------------------------------------
(1482938742042  7  60)

-------------------------------------------
Time: 1482938746154 ms
-------------------------------------------
(1482938742042  7  60)

-------------------------------------------
Time: 1482938747154 ms
-------------------------------------------

-------------------------------------------
Time: 1482938748154 ms
-------------------------------------------

-------------------------------------------
Time: 1482938749154 ms
-------------------------------------------

-------------------------------------------
Time: 1482938750154 ms
-------------------------------------------

-------------------------------------------
Time: 1482938751154 ms
-------------------------------------------

-------------------------------------------
Time: 1482938752154 ms
-------------------------------------------

-------------------------------------------
Time: 1482938753154 ms
-------------------------------------------

-------------------------------------------
Time: 1482938754154 ms
-------------------------------------------

-------------------------------------------
Time: 1482938755154 ms
-------------------------------------------

-------------------------------------------
Time: 1482938756154 ms
-------------------------------------------

-------------------------------------------
Time: 1482938757154 ms
-------------------------------------------

-------------------------------------------
Time: 1482938758154 ms
-------------------------------------------

-------------------------------------------
Time: 1482938759154 ms
-------------------------------------------

-------------------------------------------
Time: 1482938760154 ms
-------------------------------------------

-------------------------------------------
Time: 1482938761154 ms
-------------------------------------------

-------------------------------------------
Time: 1482938762154 ms
-------------------------------------------

-------------------------------------------
Time: 1482938763154 ms
-------------------------------------------

-------------------------------------------
Time: 1482938764154 ms
-------------------------------------------

-------------------------------------------
Time: 1482938765154 ms
-------------------------------------------

-------------------------------------------
Time: 1482938766154 ms
-------------------------------------------

2016-12-28 15:26:06,556 [dispatcher-event-loop-0] ERROR org.apache.spark.streaming.scheduler.ReceiverTracker - Deregistered receiver for stream 0: Stopped by driver
