docker rm -f spark_segreto_; true
spark_segreto_
docker rm spark_segreto_; true
docker run --name spark_segreto_ spark_segreto	5
Starting Experiment [5]
11 10 12 20 13 30 14 40 15 50 16 60 17 70 18 80 19 90 20 100
Proxy Started on port [9999]
Socket connected to /127.0.0.1:57814
Wait before starting 11 Seconds
-------------------------------------------
Time: 1482938785256 ms
-------------------------------------------

-------------------------------------------
Time: 1482938788256 ms
-------------------------------------------

-------------------------------------------
Time: 1482938791256 ms
-------------------------------------------

Sent [11 10] at [1482938794122]
Wait before starting 1 Seconds
Sent [12 20] at [1482938795125]
Wait before starting 1 Seconds
-------------------------------------------
Time: 1482938794256 ms
-------------------------------------------
(1482938794122  11  10)

Sent [13 30] at [1482938796126]
Wait before starting 1 Seconds
Sent [14 40] at [1482938797128]
Wait before starting 1 Seconds
Sent [15 50] at [1482938798138]
Wait before starting 1 Seconds
Sent [16 60] at [1482938799141]
Wait before starting 1 Seconds
-------------------------------------------
Time: 1482938797256 ms
-------------------------------------------
(1482938795125  12  20)
(1482938796126  13  30)
(1482938797128  14  40)

Sent [17 70] at [1482938800169]
Wait before starting 1 Seconds
Sent [18 80] at [1482938801171]
Wait before starting 1 Seconds
-------------------------------------------
Time: 1482938800256 ms
-------------------------------------------
(1482938798138  15  50)
(1482938799141  16  60)
(1482938800169  17  70)

Sent [19 90] at [1482938802173]
Wait before starting 1 Seconds
Sent [20 100] at [1482938803175]
2016-12-28 15:26:43,201 [dispatcher-event-loop-1] ERROR org.apache.spark.streaming.scheduler.ReceiverTracker - Deregistered receiver for stream 0: Restarting receiver with delay 2000ms: Socket data stream had no more data
-------------------------------------------
Time: 1482938803256 ms
-------------------------------------------
(1482938801171  18  80)
(1482938802173  19  90)
(1482938803175  20  100)

-------------------------------------------
Time: 1482938806256 ms
-------------------------------------------

-------------------------------------------
Time: 1482938809256 ms
-------------------------------------------

-------------------------------------------
Time: 1482938812256 ms
-------------------------------------------

-------------------------------------------
Time: 1482938815256 ms
-------------------------------------------

-------------------------------------------
Time: 1482938818256 ms
-------------------------------------------

2016-12-28 15:27:00,343 [dispatcher-event-loop-0] ERROR org.apache.spark.streaming.scheduler.ReceiverTracker - Deregistered receiver for stream 0: Stopped by driver
