docker run --name "segreto-local-running" spark-local	1
docker run --name "segreto-local-running" spark-local	1
10 10 11 20 12 30 13 40 14 50 15 60 16 70 17 80 18 90 19 100
Proxy Started on port [9999]
Socket connected to /127.0.0.1:37158
Wait before starting 10 Seconds
-------------------------------------------
Time: 1467715251028 ms
-------------------------------------------

-------------------------------------------
Time: 1467715254028 ms
-------------------------------------------

-------------------------------------------
Time: 1467715257028 ms
-------------------------------------------

Sent [10 10] at [1467715258699]
Wait before starting 1 Seconds
Sent [11 20] at [1467715259703]
Wait before starting 1 Seconds
Sent [12 30] at [1467715260705]
Wait before starting 1 Seconds
Sent [13 40] at [1467715261706]
Wait before starting 1 Seconds
-------------------------------------------
Time: 1467715260028 ms
-------------------------------------------
(1467715258699  10  10)
(1467715259703  11  20)

Sent [14 50] at [1467715262707]
Wait before starting 1 Seconds
Sent [15 60] at [1467715263709]
Wait before starting 1 Seconds
-------------------------------------------
Time: 1467715263028 ms
-------------------------------------------
Sent [16 70] at [1467715264712]
Wait before starting 1 Seconds
(1467715260705  12  30)
(1467715261706  13  40)
(1467715262707  14  50)

Sent [17 80] at [1467715265714]
Wait before starting 1 Seconds
Sent [18 90] at [1467715266716]
Wait before starting 1 Seconds
Sent [19 100] at [1467715267718]
2016-07-05 10:41:07,728 [dispatcher-event-loop-1] ERROR org.apache.spark.streaming.scheduler.ReceiverTracker - Deregistered receiver for stream 0: Restarting receiver with delay 2000ms: Socket data stream had no more data
-------------------------------------------
Time: 1467715266028 ms
-------------------------------------------
(1467715263709  15  60)
(1467715264712  16  70)
(1467715265714  17  80)

-------------------------------------------
Time: 1467715269028 ms
-------------------------------------------
(1467715266716  18  90)
(1467715267718  19  100)

-------------------------------------------
Time: 1467715272028 ms
-------------------------------------------

-------------------------------------------
Time: 1467715275028 ms
-------------------------------------------

-------------------------------------------
Time: 1467715278028 ms
-------------------------------------------

-------------------------------------------
Time: 1467715281028 ms
-------------------------------------------

-------------------------------------------
Time: 1467715284028 ms
-------------------------------------------

-------------------------------------------
Time: 1467715287028 ms
-------------------------------------------

-------------------------------------------
Time: 1467715290028 ms
-------------------------------------------

-------------------------------------------
Time: 1467715293028 ms
-------------------------------------------

-------------------------------------------
Time: 1467715296028 ms
-------------------------------------------

-------------------------------------------
Time: 1467715299028 ms
-------------------------------------------

-------------------------------------------
Time: 1467715302028 ms
-------------------------------------------

-------------------------------------------
Time: 1467715305028 ms
-------------------------------------------

-------------------------------------------
Time: 1467715308028 ms
-------------------------------------------

-------------------------------------------
Time: 1467715311028 ms
-------------------------------------------

-------------------------------------------
Time: 1467715314028 ms
-------------------------------------------

-------------------------------------------
Time: 1467715317028 ms
-------------------------------------------

-------------------------------------------
Time: 1467715320028 ms
-------------------------------------------

-------------------------------------------
Time: 1467715323028 ms
-------------------------------------------

-------------------------------------------
Time: 1467715326028 ms
-------------------------------------------

-------------------------------------------
Time: 1467715329028 ms
-------------------------------------------

-------------------------------------------
Time: 1467715332028 ms
-------------------------------------------

-------------------------------------------
Time: 1467715335028 ms
-------------------------------------------

-------------------------------------------
Time: 1467715338028 ms
-------------------------------------------

-------------------------------------------
Time: 1467715341028 ms
-------------------------------------------

-------------------------------------------
Time: 1467715344028 ms
-------------------------------------------

-------------------------------------------
Time: 1467715347028 ms
-------------------------------------------

2016-07-05 10:42:28,091 [dispatcher-event-loop-0] ERROR org.apache.spark.streaming.scheduler.ReceiverTracker - Deregistered receiver for stream 0: Stopped by driver
