docker run --name "segreto-local-running" spark-local	2
30 10 31 20 36 30
Proxy Started on port [9999]
Socket connected to /127.0.0.1:37128
Wait before starting 30 Seconds
-------------------------------------------
Time: 1467711594943 ms
-------------------------------------------

-------------------------------------------
Time: 1467711595943 ms
-------------------------------------------

-------------------------------------------
Time: 1467711596943 ms
-------------------------------------------

-------------------------------------------
Time: 1467711597943 ms
-------------------------------------------

-------------------------------------------
Time: 1467711598943 ms
-------------------------------------------

-------------------------------------------
Time: 1467711599943 ms
-------------------------------------------

-------------------------------------------
Time: 1467711600943 ms
-------------------------------------------

-------------------------------------------
Time: 1467711601943 ms
-------------------------------------------

-------------------------------------------
Time: 1467711602943 ms
-------------------------------------------

-------------------------------------------
Time: 1467711603943 ms
-------------------------------------------

-------------------------------------------
Time: 1467711604943 ms
-------------------------------------------

-------------------------------------------
Time: 1467711605943 ms
-------------------------------------------

-------------------------------------------
Time: 1467711606943 ms
-------------------------------------------

-------------------------------------------
Time: 1467711607943 ms
-------------------------------------------

-------------------------------------------
Time: 1467711608943 ms
-------------------------------------------

-------------------------------------------
Time: 1467711609943 ms
-------------------------------------------

-------------------------------------------
Time: 1467711610943 ms
-------------------------------------------

-------------------------------------------
Time: 1467711611943 ms
-------------------------------------------

-------------------------------------------
Time: 1467711612943 ms
-------------------------------------------

-------------------------------------------
Time: 1467711613943 ms
-------------------------------------------

-------------------------------------------
Time: 1467711614943 ms
-------------------------------------------

-------------------------------------------
Time: 1467711615943 ms
-------------------------------------------

-------------------------------------------
Time: 1467711616943 ms
-------------------------------------------

-------------------------------------------
Time: 1467711617943 ms
-------------------------------------------

-------------------------------------------
Time: 1467711618943 ms
-------------------------------------------

-------------------------------------------
Time: 1467711619943 ms
-------------------------------------------

-------------------------------------------
Time: 1467711620943 ms
-------------------------------------------

-------------------------------------------
Time: 1467711621943 ms
-------------------------------------------

-------------------------------------------
Time: 1467711622943 ms
-------------------------------------------

-------------------------------------------
Time: 1467711623943 ms
-------------------------------------------

-------------------------------------------
Time: 1467711624943 ms
-------------------------------------------

-------------------------------------------
Time: 1467711625943 ms
-------------------------------------------
(1467711624875  30  10)

-------------------------------------------
Time: 1467711626943 ms
-------------------------------------------
(1467711624875  30  10)
(1467711625875  31  20)

-------------------------------------------
Time: 1467711627943 ms
-------------------------------------------
(1467711624875  30  10)
(1467711625875  31  20)

-------------------------------------------
Time: 1467711628943 ms
-------------------------------------------
(1467711624875  30  10)
(1467711625875  31  20)

-------------------------------------------
Time: 1467711629943 ms
-------------------------------------------
(1467711624875  30  10)
(1467711625875  31  20)

-------------------------------------------
Time: 1467711630943 ms
-------------------------------------------
(1467711625875  31  20)

-------------------------------------------
Time: 1467711631943 ms
-------------------------------------------
(1467711630875  36  30)

-------------------------------------------
Time: 1467711632943 ms
-------------------------------------------
(1467711630875  36  30)

-------------------------------------------
Time: 1467711633943 ms
-------------------------------------------
(1467711630875  36  30)

-------------------------------------------
Time: 1467711634943 ms
-------------------------------------------
(1467711630875  36  30)

-------------------------------------------
Time: 1467711635943 ms
-------------------------------------------
(1467711630875  36  30)

-------------------------------------------
Time: 1467711636943 ms
-------------------------------------------

-------------------------------------------
Time: 1467711637943 ms
-------------------------------------------

-------------------------------------------
Time: 1467711638943 ms
-------------------------------------------

-------------------------------------------
Time: 1467711639943 ms
-------------------------------------------

-------------------------------------------
Time: 1467711640943 ms
-------------------------------------------

-------------------------------------------
Time: 1467711641943 ms
-------------------------------------------

-------------------------------------------
Time: 1467711642943 ms
-------------------------------------------

-------------------------------------------
Time: 1467711643943 ms
-------------------------------------------

-------------------------------------------
Time: 1467711644943 ms
-------------------------------------------

-------------------------------------------
Time: 1467711645943 ms
-------------------------------------------

-------------------------------------------
Time: 1467711646943 ms
-------------------------------------------

-------------------------------------------
Time: 1467711647943 ms
-------------------------------------------

-------------------------------------------
Time: 1467711648943 ms
-------------------------------------------

-------------------------------------------
Time: 1467711649943 ms
-------------------------------------------

-------------------------------------------
Time: 1467711650943 ms
-------------------------------------------

-------------------------------------------
Time: 1467711651943 ms
-------------------------------------------

-------------------------------------------
Time: 1467711652943 ms
-------------------------------------------

-------------------------------------------
Time: 1467711653943 ms
-------------------------------------------

-------------------------------------------
Time: 1467711654943 ms
-------------------------------------------

-------------------------------------------
Time: 1467711655943 ms
-------------------------------------------

-------------------------------------------
Time: 1467711656943 ms
-------------------------------------------

-------------------------------------------
Time: 1467711657943 ms
-------------------------------------------

-------------------------------------------
Time: 1467711658943 ms
-------------------------------------------

-------------------------------------------
Time: 1467711659943 ms
-------------------------------------------

-------------------------------------------
Time: 1467711660943 ms
-------------------------------------------

-------------------------------------------
Time: 1467711661943 ms
-------------------------------------------

-------------------------------------------
Time: 1467711662943 ms
-------------------------------------------

-------------------------------------------
Time: 1467711663943 ms
-------------------------------------------

-------------------------------------------
Time: 1467711664943 ms
-------------------------------------------

-------------------------------------------
Time: 1467711665943 ms
-------------------------------------------

-------------------------------------------
Time: 1467711666943 ms
-------------------------------------------

-------------------------------------------
Time: 1467711667943 ms
-------------------------------------------

-------------------------------------------
Time: 1467711668943 ms
-------------------------------------------

-------------------------------------------
Time: 1467711669943 ms
-------------------------------------------

-------------------------------------------
Time: 1467711670943 ms
-------------------------------------------

-------------------------------------------
Time: 1467711671943 ms
-------------------------------------------

-------------------------------------------
Time: 1467711672943 ms
-------------------------------------------

-------------------------------------------
Time: 1467711673943 ms
-------------------------------------------

-------------------------------------------
Time: 1467711674943 ms
-------------------------------------------

-------------------------------------------
Time: 1467711675943 ms
-------------------------------------------

-------------------------------------------
Time: 1467711676943 ms
-------------------------------------------

-------------------------------------------
Time: 1467711677943 ms
-------------------------------------------

-------------------------------------------
Time: 1467711678943 ms
-------------------------------------------

-------------------------------------------
Time: 1467711679943 ms
-------------------------------------------

-------------------------------------------
Time: 1467711680943 ms
-------------------------------------------

-------------------------------------------
Time: 1467711681943 ms
-------------------------------------------

-------------------------------------------
Time: 1467711682943 ms
-------------------------------------------

-------------------------------------------
Time: 1467711683943 ms
-------------------------------------------

-------------------------------------------
Time: 1467711684943 ms
-------------------------------------------

-------------------------------------------
Time: 1467711685943 ms
-------------------------------------------

-------------------------------------------
Time: 1467711686943 ms
-------------------------------------------

-------------------------------------------
Time: 1467711687943 ms
-------------------------------------------

-------------------------------------------
Time: 1467711688943 ms
-------------------------------------------

-------------------------------------------
Time: 1467711689943 ms
-------------------------------------------

-------------------------------------------
Time: 1467711690943 ms
-------------------------------------------

-------------------------------------------
Time: 1467711691943 ms
-------------------------------------------

-------------------------------------------
Time: 1467711692943 ms
-------------------------------------------

-------------------------------------------
Time: 1467711693943 ms
-------------------------------------------

