docker run --name "segreto-local-running" spark-local	4
3 10 5 20 5 30 5 40 5 50 7 60
Proxy Started on port [9999]
Socket connected to /127.0.0.1:37134
Wait before starting 3 Seconds
-------------------------------------------
Time: 1467711873837 ms
-------------------------------------------

-------------------------------------------
Time: 1467711874837 ms
-------------------------------------------

-------------------------------------------
Time: 1467711875837 ms
-------------------------------------------

Sent [3 10] at [1467711876543]
Wait before starting 2 Seconds
-------------------------------------------
Time: 1467711876837 ms
-------------------------------------------
(1467711876543  3  10)

Sent [5 20] at [1467711878543]
Wait before starting 0 Seconds
Sent [5 30] at [1467711878544]
Wait before starting 0 Seconds
Sent [5 40] at [1467711878545]
Wait before starting 0 Seconds
Sent [5 50] at [1467711878546]
Wait before starting 2 Seconds
-------------------------------------------
Time: 1467711877837 ms
-------------------------------------------
(1467711876543  3  10)

-------------------------------------------
Time: 1467711878837 ms
-------------------------------------------
(1467711876543  3  10)
(1467711878543  5  20)
(1467711878544  5  30)
(1467711878545  5  40)
(1467711878546  5  50)

-------------------------------------------
Time: 1467711879837 ms
-------------------------------------------
(1467711876543  3  10)
(1467711878543  5  20)
(1467711878544  5  30)
(1467711878545  5  40)
(1467711878546  5  50)

Sent [7 60] at [1467711880547]
2016-07-05 09:44:40,664 [dispatcher-event-loop-1] ERROR org.apache.spark.streaming.scheduler.ReceiverTracker - Deregistered receiver for stream 0: Restarting receiver with delay 2000ms: Socket data stream had no more data
-------------------------------------------
Time: 1467711880837 ms
-------------------------------------------
(1467711878543  5  20)
(1467711878544  5  30)
(1467711878545  5  40)
(1467711878546  5  50)
(1467711880547  7  60)

-------------------------------------------
Time: 1467711881837 ms
-------------------------------------------
(1467711878543  5  20)
(1467711878544  5  30)
(1467711878545  5  40)
(1467711878546  5  50)
(1467711880547  7  60)

-------------------------------------------
Time: 1467711882837 ms
-------------------------------------------
(1467711880547  7  60)

-------------------------------------------
Time: 1467711883837 ms
-------------------------------------------
(1467711880547  7  60)

-------------------------------------------
Time: 1467711884837 ms
-------------------------------------------

-------------------------------------------
Time: 1467711885837 ms
-------------------------------------------

-------------------------------------------
Time: 1467711886837 ms
-------------------------------------------

-------------------------------------------
Time: 1467711887837 ms
-------------------------------------------

-------------------------------------------
Time: 1467711888837 ms
-------------------------------------------

-------------------------------------------
Time: 1467711889837 ms
-------------------------------------------

-------------------------------------------
Time: 1467711890837 ms
-------------------------------------------

-------------------------------------------
Time: 1467711891837 ms
-------------------------------------------

-------------------------------------------
Time: 1467711892837 ms
-------------------------------------------

-------------------------------------------
Time: 1467711893837 ms
-------------------------------------------

-------------------------------------------
Time: 1467711894837 ms
-------------------------------------------

-------------------------------------------
Time: 1467711895837 ms
-------------------------------------------

-------------------------------------------
Time: 1467711896837 ms
-------------------------------------------

-------------------------------------------
Time: 1467711897837 ms
-------------------------------------------

-------------------------------------------
Time: 1467711898837 ms
-------------------------------------------

-------------------------------------------
Time: 1467711899837 ms
-------------------------------------------

-------------------------------------------
Time: 1467711900837 ms
-------------------------------------------

-------------------------------------------
Time: 1467711901837 ms
-------------------------------------------

-------------------------------------------
Time: 1467711902837 ms
-------------------------------------------

-------------------------------------------
Time: 1467711903837 ms
-------------------------------------------

-------------------------------------------
Time: 1467711904837 ms
-------------------------------------------

-------------------------------------------
Time: 1467711905837 ms
-------------------------------------------

-------------------------------------------
Time: 1467711906837 ms
-------------------------------------------

-------------------------------------------
Time: 1467711907837 ms
-------------------------------------------

-------------------------------------------
Time: 1467711908837 ms
-------------------------------------------

-------------------------------------------
Time: 1467711909837 ms
-------------------------------------------

2016-07-05 09:45:10,453 [dispatcher-event-loop-1] ERROR org.apache.spark.streaming.scheduler.ReceiverTracker - Deregistered receiver for stream 0: Stopped by driver
