docker run --name "segreto-local-running" spark-local	5
11 10 12 20 13 30 14 40 15 50 16 60 17 70 18 80 19 90 20 100
Proxy Started on port [9999]
Socket connected to /127.0.0.1:37140
Wait before starting 11 Seconds
-------------------------------------------
Time: 1467711986267 ms
-------------------------------------------

-------------------------------------------
Time: 1467711989267 ms
-------------------------------------------

-------------------------------------------
Time: 1467711992267 ms
-------------------------------------------

-------------------------------------------
Time: 1467711995267 ms
-------------------------------------------
(1467711994923  11  10)

Sent [13 30] at [1467711996931]
Wait before starting 1 Seconds
Sent [14 40] at [1467711997932]
Wait before starting 1 Seconds
Sent [15 50] at [1467711998933]
Wait before starting 1 Seconds
Sent [16 60] at [1467711999935]
Wait before starting 1 Seconds
-------------------------------------------
Time: 1467711998267 ms
-------------------------------------------
(1467711995925  12  20)
(1467711996931  13  30)
(1467711997932  14  40)

Sent [17 70] at [1467712000937]
Wait before starting 1 Seconds
Sent [18 80] at [1467712001937]
Wait before starting 1 Seconds
-------------------------------------------
Time: 1467712001267 ms
-------------------------------------------
(1467711998933  15  50)
(1467711999935  16  60)
(1467712000937  17  70)

Sent [19 90] at [1467712002942]
Wait before starting 1 Seconds
Sent [20 100] at [1467712003948]
2016-07-05 09:46:43,956 [dispatcher-event-loop-0] ERROR org.apache.spark.streaming.scheduler.ReceiverTracker - Deregistered receiver for stream 0: Restarting receiver with delay 2000ms: Socket data stream had no more data
-------------------------------------------
Time: 1467712004267 ms
-------------------------------------------
(1467712001937  18  80)
(1467712002942  19  90)
(1467712003948  20  100)

-------------------------------------------
Time: 1467712007267 ms
-------------------------------------------

-------------------------------------------
Time: 1467712010267 ms
-------------------------------------------

-------------------------------------------
Time: 1467712013267 ms
-------------------------------------------

-------------------------------------------
Time: 1467712016267 ms
-------------------------------------------

-------------------------------------------
Time: 1467712019267 ms
-------------------------------------------

-------------------------------------------
Time: 1467712022267 ms
-------------------------------------------

-------------------------------------------
Time: 1467712025267 ms
-------------------------------------------

-------------------------------------------
Time: 1467712028267 ms
-------------------------------------------

-------------------------------------------
Time: 1467712031267 ms
-------------------------------------------

-------------------------------------------
Time: 1467712034267 ms
-------------------------------------------

-------------------------------------------
Time: 1467712037267 ms
-------------------------------------------

-------------------------------------------
Time: 1467712040267 ms
-------------------------------------------

-------------------------------------------
Time: 1467712043267 ms
-------------------------------------------

-------------------------------------------
Time: 1467712046267 ms
-------------------------------------------

-------------------------------------------
Time: 1467712049267 ms
-------------------------------------------

-------------------------------------------
Time: 1467712052267 ms
-------------------------------------------

-------------------------------------------
Time: 1467712055267 ms
-------------------------------------------

-------------------------------------------
Time: 1467712058267 ms
-------------------------------------------

-------------------------------------------
Time: 1467712061267 ms
-------------------------------------------

-------------------------------------------
Time: 1467712064267 ms
-------------------------------------------

-------------------------------------------
Time: 1467712067267 ms
-------------------------------------------

-------------------------------------------
Time: 1467712070267 ms
-------------------------------------------

-------------------------------------------
Time: 1467712073267 ms
-------------------------------------------

-------------------------------------------
Time: 1467712076267 ms
-------------------------------------------

-------------------------------------------
Time: 1467712079267 ms
-------------------------------------------

-------------------------------------------
Time: 1467712082267 ms
-------------------------------------------

2016-07-05 09:48:03,330 [dispatcher-event-loop-0] ERROR org.apache.spark.streaming.scheduler.ReceiverTracker - Deregistered receiver for stream 0: Stopped by driver
