docker run --name "segreto-local-running" spark-local	6
3 10 3 20 5 30 7 40 7 50 7 60 7 70 9 80 11 90 13 100
Proxy Started on port [9999]
Socket connected to /127.0.0.1:37152
Wait before starting 3 Seconds
Sent [3 10] at [1467713945705]
Wait before starting 0 Seconds
Sent [3 20] at [1467713945709]
Wait before starting 2 Seconds
-------------------------------------------
Time: 1467713944925 ms
-------------------------------------------

Sent [5 30] at [1467713947710]
Wait before starting 2 Seconds
Sent [7 40] at [1467713949712]
Wait before starting 0 Seconds
Sent [7 50] at [1467713949713]
Wait before starting 0 Seconds
Sent [7 60] at [1467713949713]
Wait before starting 0 Seconds
Sent [7 70] at [1467713949713]
Wait before starting 2 Seconds
-------------------------------------------
Time: 1467713947925 ms
-------------------------------------------
(1467713945705  3  10)
(1467713945709  3  20)
(1467713947710  5  30)

Sent [9 80] at [1467713951713]
Wait before starting 2 Seconds
-------------------------------------------
Time: 1467713950925 ms
-------------------------------------------
(1467713949712  7  40)
(1467713949713  7  50)
(1467713949713  7  60)
(1467713949713  7  70)

Sent [11 90] at [1467713953714]
Wait before starting 2 Seconds
-------------------------------------------
Time: 1467713953925 ms
-------------------------------------------
(1467713951713  9  80)
(1467713953714  11  90)

Sent [13 100] at [1467713955714]
2016-07-05 10:19:15,744 [dispatcher-event-loop-0] ERROR org.apache.spark.streaming.scheduler.ReceiverTracker - Deregistered receiver for stream 0: Restarting receiver with delay 2000ms: Socket data stream had no more data
-------------------------------------------
Time: 1467713956925 ms
-------------------------------------------
(1467713955714  13  100)

-------------------------------------------
Time: 1467713959925 ms
-------------------------------------------

-------------------------------------------
Time: 1467713962925 ms
-------------------------------------------

-------------------------------------------
Time: 1467713965925 ms
-------------------------------------------

-------------------------------------------
Time: 1467713968925 ms
-------------------------------------------

-------------------------------------------
Time: 1467713971925 ms
-------------------------------------------

-------------------------------------------
Time: 1467713974925 ms
-------------------------------------------

-------------------------------------------
Time: 1467713977925 ms
-------------------------------------------

-------------------------------------------
Time: 1467713980925 ms
-------------------------------------------

-------------------------------------------
Time: 1467713983925 ms
-------------------------------------------

-------------------------------------------
Time: 1467713986925 ms
-------------------------------------------

-------------------------------------------
Time: 1467713989925 ms
-------------------------------------------

-------------------------------------------
Time: 1467713992925 ms
-------------------------------------------

-------------------------------------------
Time: 1467713995925 ms
-------------------------------------------

-------------------------------------------
Time: 1467713998925 ms
-------------------------------------------

-------------------------------------------
Time: 1467714001925 ms
-------------------------------------------

-------------------------------------------
Time: 1467714004925 ms
-------------------------------------------

-------------------------------------------
Time: 1467714007925 ms
-------------------------------------------

-------------------------------------------
Time: 1467714010925 ms
-------------------------------------------

-------------------------------------------
Time: 1467714013925 ms
-------------------------------------------

-------------------------------------------
Time: 1467714016925 ms
-------------------------------------------

-------------------------------------------
Time: 1467714019925 ms
-------------------------------------------

-------------------------------------------
Time: 1467714022925 ms
-------------------------------------------

-------------------------------------------
Time: 1467714025925 ms
-------------------------------------------

-------------------------------------------
Time: 1467714028925 ms
-------------------------------------------

-------------------------------------------
Time: 1467714031925 ms
-------------------------------------------

-------------------------------------------
Time: 1467714034925 ms
-------------------------------------------

-------------------------------------------
Time: 1467714037925 ms
-------------------------------------------

-------------------------------------------
Time: 1467714040925 ms
-------------------------------------------

2016-07-05 10:20:42,106 [dispatcher-event-loop-1] ERROR org.apache.spark.streaming.scheduler.ReceiverTracker - Deregistered receiver for stream 0: Stopped by driver
